<?xml version="1.0" encoding="UTF-8"?>
<testsuite name="org.example.clculatorTest" tests="1" skipped="0" failures="0" errors="0" timestamp="2024-05-28T10:38:12" hostname="PRTCPU71W10AIO" time="0.041">
  <properties/>
  <testcase name="testAdd()" classname="org.example.clculatorTest" time="0.041"/>
  <system-out><![CDATA[]]></system-out>
  <system-err><![CDATA[]]></system-err>
</testsuite>
