<?xml version="1.0" encoding="UTF-8"?>
<testsuite name="org.example.Domain.CompetitionTest" tests="1" skipped="0" failures="0" errors="0" timestamp="2024-06-03T21:14:31" hostname="DESKTOP-HJEU26M" time="0.119">
  <properties/>
  <testcase name="getOurGoals()" classname="org.example.Domain.CompetitionTest" time="0.119"/>
  <system-out><![CDATA[]]></system-out>
  <system-err><![CDATA[]]></system-err>
</testsuite>
